<?xml version="1.0" encoding="UTF-8"?>
<!-- Generated by org.testng.reporters.JUnitXMLReporter -->
<testsuite ignored="0" hostname="LAPTOP-HCM1LESQ" failures="0" tests="2" name="Default test" time="72.052" errors="0" timestamp="2022-01-21T21:11:38 IST">
  <testcase classname="EndToEndProject.TestNGFramework.verify_login" name="Browser_Launch" time="25.395"/>
  <testcase classname="EndToEndProject.TestNGFramework.verify_login" name="Browser_Launch" time="46.548"/>
</testsuite> <!-- Default test -->
